Arguments: 
  /usr/local/bin/node /usr/local/bin/yarn

PATH: 
  /usr/local/bin:/usr/bin:/bin:/usr/sbin:/sbin

Yarn version: 
  1.22.19

Node version: 
  16.17.0

Platform: 
  darwin x64

Trace: 
  Error: https://registry.yarnpkg.com/typescript: ESOCKETTIMEDOUT
      at ClientRequest.<anonymous> (/usr/local/lib/node_modules/yarn/lib/cli.js:141517:19)
      at Object.onceWrapper (node:events:627:28)
      at ClientRequest.emit (node:events:513:28)
      at TLSSocket.emitRequestTimeout (node:_http_client:814:9)
      at Object.onceWrapper (node:events:627:28)
      at TLSSocket.emit (node:events:525:35)
      at TLSSocket.Socket._onTimeout (node:net:526:8)
      at listOnTimeout (node:internal/timers:559:17)
      at processTimers (node:internal/timers:502:7)

npm manifest: 
  {
    "name": "react-hooks-movie-management-medium",
    "author": "",
    "private": true,
    "scripts": {
      "start": "react-scripts start",
      "build": "react-scripts build",
      "test": "react-scripts test --env=jsdom --testResultsProcessor='jest-junit' --verbose",
      "test:watch": "react-scripts test --env=jsdom --verbose",
      "deploy": "gh-pages -d build"
    },
    "dependencies": {
      "@testing-library/jest-dom": "^5.14.1",
      "@testing-library/react": "^11.2.7",
      "@testing-library/user-event": "^12.8.3",
      "@types/jest": "^26.0.24",
      "@types/node": "^12.20.25",
      "@types/react": "^17.0.22",
      "@types/react-dom": "^17.0.9",
      "jest-junit": "^12.3.0",
      "react": "^17.0.2",
      "react-dom": "^17.0.2",
      "react-scripts": "4.0.3",
      "typescript": "^4.4.3",
      "uuid": "^8.3.2",
      "web-vitals": "^1.1.2"
    },
    "jest-junit": {
      "outputName": "./test-results.xml",
      "suiteName": "jest tests",
      "suiteNameTemplate": "{filepath}",
      "classNameTemplate": "{classname}",
      "titleTemplate": "{title}",
      "ancestorSeparator": " › "
    },
    "eslintConfig": {
      "extends": [
        "react-app",
        "react-app/jest"
      ]
    },
    "browserslist": {
      "production": [
        ">0.2%",
        "not dead",
        "not op_mini all"
      ],
      "development": [
        "last 1 chrome version",
        "last 1 firefox version",
        "last 1 safari version"
      ]
    },
    "devDependencies": {
      "@types/uuid": "^8.3.1",
      "@types/react": "16.9.19",
      "@types/react-dom": "16.9.5",
      "gh-pages": "^2.0.1"
    }
  }

yarn manifest: 
  No manifest

Lockfile: 
  No lockfile
